<?xml version="1.0" encoding="utf-8"?><testsuites><testsuite name="pytest" errors="0" failures="0" skipped="0" tests="29" time="166.196" timestamp="2025-10-12T16:54:55.621945+02:00" hostname="ANRAPC"><testcase classname="openthermo.data.interaction_parameters" name="openthermo.data.interaction_parameters.get_interaction_parameters" time="0.040" /><testcase classname="openthermo.properties.pseudo" name="openthermo.properties.pseudo.HC_atomic_ratio" time="0.005" /><testcase classname="openthermo.properties.pseudo" name="openthermo.properties.pseudo.MW_Kesler_Lee_SG_Tb" time="0.004" /><testcase classname="openthermo.properties.pseudo" name="openthermo.properties.pseudo.Pc_Kesler_Lee_SG_Tb" time="0.003" /><testcase classname="openthermo.properties.pseudo" name="openthermo.properties.pseudo.Pc_Riazi_Daubert_SG_Tb" time="0.002" /><testcase classname="openthermo.properties.pseudo" name="openthermo.properties.pseudo.Tc_Kesler_Lee_SG_Tb" time="0.002" /><testcase classname="openthermo.properties.pseudo" name="openthermo.properties.pseudo.Tc_Riazi_Daubert_SG_Tb" time="0.003" /><testcase classname="openthermo.properties.pseudo" name="openthermo.properties.pseudo.omega_Kesler_Lee_SG_Tb_Tc_Pc" time="0.004" /><testcase classname="tests.test_blowdown" name="test_blowdown_api_dry_inadequate_costald" time="28.225" /><testcase classname="tests.test_blowdown" name="test_blowdown_condensable_gas" time="36.054" /><testcase classname="tests.test_blowdown" name="test_blowdown_nitrogen" time="13.585" /><testcase classname="tests.test_blowdown" name="test_blowdown_nitrogen_co2" time="13.441" /><testcase classname="tests.test_blowdown" name="test_blowdown_non_condensable" time="24.889" /><testcase classname="tests.test_blowdown" name="test_blowdown_condensable_gas_rig" time="41.891" /><testcase classname="tests.test_misc" name="test_HC_atmic_ratio" time="0.001" /><testcase classname="tests.test_misc" name="test_omega_Lee_Kesler_SG_Tb" time="0.001" /><testcase classname="tests.test_misc" name="test_MW_Kesler_Lee_SG_Tb" time="0.001" /><testcase classname="tests.test_misc" name="test_Pc_Riazi_Daubert_SG_Tb" time="0.001" /><testcase classname="tests.test_misc" name="test_Pc_Kesler_Lee_SG_Tb" time="0.001" /><testcase classname="tests.test_misc" name="test_Tc_Lee_Kessler_SG_Tb" time="0.001" /><testcase classname="tests.test_misc" name="test_Tc_Riazi_Daubert_SG_Tb" time="0.001" /><testcase classname="tests.test_misc" name="test_NNu" time="0.001" /><testcase classname="tests.test_misc" name="test_NPr" time="0.001" /><testcase classname="tests.test_misc" name="test_liquid_release" time="0.001" /><testcase classname="tests.test_misc" name="test_two_phase_relief" time="0.001" /><testcase classname="tests.test_misc" name="test_gas_release" time="0.001" /><testcase classname="tests.test_misc" name="test_h_inside" time="0.012" /><testcase classname="tests.test_misc" name="test_boiling_h" time="0.019" /><testcase classname="tests.test_misc" name="test_boiling_nucleic_Rohsenow" time="0.001" /></testsuite></testsuites>