<?xml version="1.0" encoding="utf-8"?><testsuites><testsuite name="pytest" errors="0" failures="0" skipped="0" tests="21" time="280.545" timestamp="2025-10-12T17:04:06.771898+02:00" hostname="ANRAPC"><testcase classname="tests.test_blowdown" name="test_blowdown_api_dry_inadequate_costald" time="61.729" /><testcase classname="tests.test_blowdown" name="test_blowdown_condensable_gas" time="57.383" /><testcase classname="tests.test_blowdown" name="test_blowdown_nitrogen" time="19.219" /><testcase classname="tests.test_blowdown" name="test_blowdown_nitrogen_co2" time="35.460" /><testcase classname="tests.test_blowdown" name="test_blowdown_non_condensable" time="31.824" /><testcase classname="tests.test_blowdown" name="test_blowdown_condensable_gas_rig" time="53.492" /><testcase classname="tests.test_misc" name="test_HC_atmic_ratio" time="0.001" /><testcase classname="tests.test_misc" name="test_omega_Lee_Kesler_SG_Tb" time="0.001" /><testcase classname="tests.test_misc" name="test_MW_Kesler_Lee_SG_Tb" time="0.001" /><testcase classname="tests.test_misc" name="test_Pc_Riazi_Daubert_SG_Tb" time="0.001" /><testcase classname="tests.test_misc" name="test_Pc_Kesler_Lee_SG_Tb" time="0.001" /><testcase classname="tests.test_misc" name="test_Tc_Lee_Kessler_SG_Tb" time="0.001" /><testcase classname="tests.test_misc" name="test_Tc_Riazi_Daubert_SG_Tb" time="0.001" /><testcase classname="tests.test_misc" name="test_NNu" time="0.001" /><testcase classname="tests.test_misc" name="test_NPr" time="0.001" /><testcase classname="tests.test_misc" name="test_liquid_release" time="0.001" /><testcase classname="tests.test_misc" name="test_two_phase_relief" time="0.001" /><testcase classname="tests.test_misc" name="test_gas_release" time="0.001" /><testcase classname="tests.test_misc" name="test_h_inside" time="0.010" /><testcase classname="tests.test_misc" name="test_boiling_h" time="0.016" /><testcase classname="tests.test_misc" name="test_boiling_nucleic_Rohsenow" time="0.001" /></testsuite></testsuites>